<?xml version="1.0" encoding="UTF-8"?>
<testsuite xmlns:xsi="http://www.w3.org/2001/XMLSchema-instance" xsi:noNamespaceSchemaLocation="https://maven.apache.org/surefire/maven-surefire-plugin/xsd/surefire-test-report-3.0.xsd" version="3.0" name="TestSuite" time="1.345" tests="9" errors="0" skipped="0" failures="0">
  <properties>
[...]
</properties>
  <testcase name="Appium1" classname="qaclickacademy.AppiumTest" time="0.026">
    <system-out><![CDATA[Appium1
]]></system-out>
  </testcase>
  <testcase name="Appium2" classname="qaclickacademy.AppiumTest" time="0.016">
    <system-out><![CDATA[Appium2
]]></system-out>
  </testcase>
  <testcase name="Appium3" classname="qaclickacademy.AppiumTest" time="0.003">
    <system-out><![CDATA[Appium3
]]></system-out>
  </testcase>
  <testcase name="restApi1" classname="qaclickacademy.RestApiTest" time="0.002">
    <system-out><![CDATA[restApi1
]]></system-out>
  </testcase>
  <testcase name="restApi2" classname="qaclickacademy.RestApiTest" time="0.005">
    <system-out><![CDATA[restApi2
]]></system-out>
  </testcase>
  <testcase name="restApi3" classname="qaclickacademy.RestApiTest" time="0.002">
    <system-out><![CDATA[restApi3
]]></system-out>
  </testcase>
  <testcase name="selenium" classname="qaclickacademy.SeleniumTest" time="0.005">
    <system-out><![CDATA[selenium1
]]></system-out>
  </testcase>
  <testcase name="selenium2" classname="qaclickacademy.SeleniumTest" time="0.002">
    <system-out><![CDATA[selenium2
]]></system-out>
  </testcase>
  <testcase name="selenium3" classname="qaclickacademy.SeleniumTest" time="0.002">
    <system-out><![CDATA[selenium3
]]></system-out>
  </testcase>
</testsuite>