<?xml version="1.0" encoding="UTF-8"?>
<!-- Generated by org.testng.reporters.JUnitXMLReporter -->
<testsuite hostname="priya" ignored="0" name="Practise" tests="9" failures="0" timestamp="2021-06-02T21:44:12 IST" time="0.127" errors="0">
  <testcase name="Appium1" time="0.024" classname="qaclickacademy.AppiumTest"/>
  <testcase name="Appium2" time="0.001" classname="qaclickacademy.AppiumTest"/>
  <testcase name="Appium3" time="0.001" classname="qaclickacademy.AppiumTest"/>
  <testcase name="restApi1" time="0.001" classname="qaclickacademy.RestApiTest"/>
  <testcase name="restApi2" time="0.001" classname="qaclickacademy.RestApiTest"/>
  <testcase name="restApi3" time="0.0" classname="qaclickacademy.RestApiTest"/>
  <testcase name="selenium" time="0.001" classname="qaclickacademy.SeleniumTest"/>
  <testcase name="selenium2" time="0.001" classname="qaclickacademy.SeleniumTest"/>
  <testcase name="selenium3" time="0.001" classname="qaclickacademy.SeleniumTest"/>
</testsuite> <!-- Practise -->
